<?xml version="1.0" encoding="UTF-8"?>
<!-- Generated by org.testng.reporters.JUnitReportReporter -->
<testsuite hostname="LAPTOP-ML7ORHO5" failures="1" tests="1" name="cucumberOptions.TestNGRunner" time="7.771" errors="0" timestamp="2024-05-28T13:36:53 IST" skipped="0">
  <testcase classname="cucumberOptions.TestNGRunner" name="runScenario" time="7.771">
    <failure message="expected [No data] but found [Brocolli]" type="java.lang.AssertionError">
      <![CDATA[java.lang.AssertionError: expected [No data] but found [Brocolli]
at org.testng.Assert.fail(Assert.java:111)
at org.testng.Assert.failNotEquals(Assert.java:1578)
at org.testng.Assert.assertEqualsImpl(Assert.java:150)
at org.testng.Assert.assertEquals(Assert.java:132)
at org.testng.Assert.assertEquals(Assert.java:656)
at org.testng.Assert.assertEquals(Assert.java:666)
at stepDefinitions.OfferPageStepDefinition.user_search_the_same_short_name_tom_in_offers_page_to_check_if_the_product_exists(OfferPageStepDefinition.java:47)
at âœ½.user search the same short name bro in offers page to check if the product exists for parameterized test(file:///C:/Users/gaura/eclipse-workspace/CucumberProjectA/src/test/java/features/SearchProducts.feature:14)
]]>
    </failure>
  </testcase> <!-- runScenario -->
</testsuite> <!-- cucumberOptions.TestNGRunner -->
